<?xml version="1.0" encoding="UTF-8"?>
<testng-results ignored="0" total="2" passed="2" failed="0" skipped="0">
  <reporter-output>
  </reporter-output>
  <suite started-at="2024-12-19T12:28:39 IST" name="Suite" finished-at="2024-12-19T12:28:41 IST" duration-ms="2319">
    <groups>
    </groups>
    <test started-at="2024-12-19T12:28:39 IST" name="Test" finished-at="2024-12-19T12:28:41 IST" duration-ms="2319">
      <class name="ecommerce.Demo">
        <test-method signature="test()[pri:0, instance:ecommerce.Demo@20140db9]" started-at="2024-12-19T12:28:39 IST" name="test" finished-at="2024-12-19T12:28:41 IST" duration-ms="2291" status="PASS">
          <reporter-output>
          </reporter-output>
        </test-method> <!-- test -->
      </class> <!-- ecommerce.Demo -->
    </test> <!-- Test -->
  </suite> <!-- Suite -->
  <suite started-at="2024-12-19T12:28:41 IST" name="Suite (0)" finished-at="2024-12-19T12:28:43 IST" duration-ms="1897">
    <groups>
    </groups>
    <test started-at="2024-12-19T12:28:41 IST" name="Test" finished-at="2024-12-19T12:28:43 IST" duration-ms="1897">
      <class name="ecommerce.Demo1">
        <test-method signature="test()[pri:0, instance:ecommerce.Demo1@48075da3]" started-at="2024-12-19T12:28:41 IST" name="test" finished-at="2024-12-19T12:28:43 IST" duration-ms="1896" status="PASS">
          <reporter-output>
          </reporter-output>
        </test-method> <!-- test -->
      </class> <!-- ecommerce.Demo1 -->
    </test> <!-- Test -->
  </suite> <!-- Suite (0) -->
</testng-results>
